::1 - - [27/May/2022:00:57:13 +0000] "GET / HTTP/1.1" 304 -
::1 - - [27/May/2022:00:57:22 +0000] "GET / HTTP/1.1" 200 4493
::1 - - [27/May/2022:00:57:22 +0000] "GET / HTTP/1.1" 304 -
::1 - - [27/May/2022:00:58:14 +0000] "POST /logins HTTP/1.1" 302 62
::1 - - [27/May/2022:00:58:14 +0000] "GET /dashboard HTTP/1.1" 200 8303
::1 - - [27/May/2022:00:58:18 +0000] "GET /user-games HTTP/1.1" 200 9911
::1 - - [27/May/2022:00:59:27 +0000] "GET /user-games/add HTTP/1.1" 302 56
::1 - - [27/May/2022:00:59:27 +0000] "GET /login HTTP/1.1" 200 4493
::1 - - [27/May/2022:00:59:27 +0000] "GET /login HTTP/1.1" 304 -
::1 - - [27/May/2022:01:00:23 +0000] "GET /login HTTP/1.1" 304 -
::1 - - [27/May/2022:01:01:28 +0000] "GET /login HTTP/1.1" 304 -
::1 - - [27/May/2022:01:02:56 +0000] "POST /logins HTTP/1.1" 302 54
::1 - - [27/May/2022:01:02:57 +0000] "GET /login HTTP/1.1" 200 4615
::1 - - [27/May/2022:01:05:50 +0000] "POST /logins HTTP/1.1" 302 62
::1 - - [27/May/2022:01:05:51 +0000] "GET /dashboard HTTP/1.1" 304 -
::1 - - [27/May/2022:01:05:58 +0000] "GET /user-games HTTP/1.1" 200 10190
::1 - - [27/May/2022:01:06:15 +0000] "GET /user-games/add HTTP/1.1" 302 66
::1 - - [27/May/2022:01:06:15 +0000] "GET /user-games HTTP/1.1" 304 -
::1 - - [27/May/2022:01:13:04 +0000] "GET /user-games-biodata HTTP/1.1" 302 56
::1 - - [27/May/2022:01:13:05 +0000] "GET /login HTTP/1.1" 200 4493
::1 - - [27/May/2022:01:13:13 +0000] "POST /logins HTTP/1.1" 302 62
::1 - - [27/May/2022:01:13:13 +0000] "GET /dashboard HTTP/1.1" 304 -
::1 - - [27/May/2022:01:13:14 +0000] "GET /user-games HTTP/1.1" 304 -
::1 - - [27/May/2022:01:14:55 +0000] "GET /user-games-biodata HTTP/1.1" 302 56
::1 - - [27/May/2022:01:14:55 +0000] "GET /login HTTP/1.1" 304 -
::1 - - [27/May/2022:01:15:01 +0000] "POST /logins HTTP/1.1" 302 62
::1 - - [27/May/2022:01:15:01 +0000] "GET /dashboard HTTP/1.1" 304 -
::1 - - [27/May/2022:01:15:04 +0000] "GET /user-games HTTP/1.1" 304 -
::1 - - [27/May/2022:01:15:31 +0000] "GET /user-games-biodata HTTP/1.1" 302 56
::1 - - [27/May/2022:01:15:31 +0000] "GET /login HTTP/1.1" 304 -
::1 - - [27/May/2022:01:15:38 +0000] "POST /logins HTTP/1.1" 302 62
::1 - - [27/May/2022:01:15:38 +0000] "GET /dashboard HTTP/1.1" 304 -
::1 - - [27/May/2022:01:15:39 +0000] "GET /user-games HTTP/1.1" 304 -
::ffff:127.0.0.1 - - [27/May/2022:01:19:21 +0000] "GET /user-games-biodata HTTP/1.1" 302 56
::ffff:127.0.0.1 - - [27/May/2022:01:19:22 +0000] "GET /login HTTP/1.1" 304 -
::ffff:127.0.0.1 - - [27/May/2022:01:19:22 +0000] "GET /login HTTP/1.1" 304 -
::1 - - [27/May/2022:01:20:00 +0000] "POST /logins HTTP/1.1" 302 62
::1 - - [27/May/2022:01:20:00 +0000] "GET /dashboard HTTP/1.1" 304 -
::1 - - [27/May/2022:01:20:04 +0000] "GET /user-games HTTP/1.1" 304 -
::1 - - [27/May/2022:01:20:36 +0000] "GET /user-games-biodata HTTP/1.1" 302 56
::1 - - [27/May/2022:01:20:36 +0000] "GET /login HTTP/1.1" 304 -
::1 - - [27/May/2022:01:20:56 +0000] "POST /logins HTTP/1.1" 302 62
::1 - - [27/May/2022:01:20:56 +0000] "GET /dashboard HTTP/1.1" 304 -
::1 - - [27/May/2022:01:20:58 +0000] "GET /user-games HTTP/1.1" 304 -
::1 - - [27/May/2022:01:21:04 +0000] "GET /user-games-biodata HTTP/1.1" 500 9551
::1 - - [27/May/2022:01:21:26 +0000] "GET /user-games-history HTTP/1.1" 200 9512
::1 - - [27/May/2022:01:27:30 +0000] "GET /user-games-history/add HTTP/1.1" 302 56
::1 - - [27/May/2022:01:27:30 +0000] "GET /login HTTP/1.1" 304 -
::1 - - [27/May/2022:01:27:38 +0000] "POST /logins HTTP/1.1" 302 54
::1 - - [27/May/2022:01:27:38 +0000] "GET /login HTTP/1.1" 200 4615
::1 - - [27/May/2022:01:27:45 +0000] "POST /logins HTTP/1.1" 302 62
::1 - - [27/May/2022:01:27:46 +0000] "GET /dashboard HTTP/1.1" 304 -
::1 - - [27/May/2022:01:27:48 +0000] "GET /user-games HTTP/1.1" 304 -
::1 - - [27/May/2022:01:27:51 +0000] "GET /user-games-biodata HTTP/1.1" 500 -
::1 - - [27/May/2022:01:27:54 +0000] "GET /user-games-biodata/add HTTP/1.1" 302 82
::1 - - [27/May/2022:01:27:54 +0000] "GET /user-games-biodata HTTP/1.1" 304 -
::1 - - [27/May/2022:01:28:29 +0000] "GET /user-games HTTP/1.1" 304 -
::1 - - [27/May/2022:01:28:30 +0000] "GET /user-games/biodata/7 HTTP/1.1" 200 17044
::1 - - [27/May/2022:01:28:40 +0000] "GET /user-games/biodata/8 HTTP/1.1" 400 14525
::1 - - [27/May/2022:01:29:36 +0000] "GET /user-games HTTP/1.1" 302 56
::1 - - [27/May/2022:01:29:36 +0000] "GET /login HTTP/1.1" 200 4493
::1 - - [27/May/2022:01:51:10 +0000] "GET / HTTP/1.1" 304 -
::1 - - [27/May/2022:01:51:19 +0000] "POST /logins HTTP/1.1" 302 62
::1 - - [27/May/2022:01:51:19 +0000] "GET /dashboard HTTP/1.1" 304 -
::1 - - [27/May/2022:01:51:27 +0000] "POST /logins HTTP/1.1" 302 64
::1 - - [27/May/2022:01:51:27 +0000] "GET /dashboard HTTP/1.1" 304 -
::1 - - [27/May/2022:01:51:28 +0000] "GET /user-games HTTP/1.1" 200 10190
::1 - - [27/May/2022:01:51:37 +0000] "GET /logout HTTP/1.1" 302 56
::1 - - [27/May/2022:01:51:37 +0000] "GET /login HTTP/1.1" 200 4493
::1 - - [27/May/2022:01:51:41 +0000] "POST /logins HTTP/1.1" 302 62
::1 - - [27/May/2022:01:51:42 +0000] "GET /dashboard HTTP/1.1" 200 8278
::1 - - [27/May/2022:01:51:44 +0000] "GET /user-games HTTP/1.1" 200 31898
::1 - - [27/May/2022:01:51:53 +0000] "GET /user-games-biodata HTTP/1.1" 500 3340
::1 - - [27/May/2022:01:52:51 +0000] "GET /user-games-biodata HTTP/1.1" 302 56
::1 - - [27/May/2022:01:52:51 +0000] "GET /login HTTP/1.1" 304 -
::1 - - [27/May/2022:01:52:56 +0000] "POST /logins HTTP/1.1" 302 62
::1 - - [27/May/2022:01:52:57 +0000] "GET /dashboard HTTP/1.1" 304 -
::1 - - [27/May/2022:01:52:59 +0000] "GET /user-games HTTP/1.1" 304 -
::1 - - [27/May/2022:01:53:05 +0000] "GET /user-games-biodata HTTP/1.1" 200 11310
::1 - - [27/May/2022:01:53:28 +0000] "GET /user-games-history HTTP/1.1" 200 9497
::1 - - [27/May/2022:01:53:53 +0000] "GET /user-games-biodata/add HTTP/1.1" 302 82
::1 - - [27/May/2022:01:53:53 +0000] "GET /user-games-biodata HTTP/1.1" 304 -
::1 - - [27/May/2022:01:54:44 +0000] "GET /user-games-history HTTP/1.1" 200 9493
::1 - - [27/May/2022:01:54:56 +0000] "GET /user-games-history/add HTTP/1.1" 200 12304
::1 - - [27/May/2022:02:00:57 +0000] "GET /user-games-history/add HTTP/1.1" 302 56
::1 - - [27/May/2022:02:00:57 +0000] "GET /login HTTP/1.1" 304 -
::1 - - [27/May/2022:02:01:04 +0000] "POST /logins HTTP/1.1" 302 62
::1 - - [27/May/2022:02:01:04 +0000] "GET /dashboard HTTP/1.1" 304 -
::1 - - [27/May/2022:02:01:09 +0000] "GET /user-games HTTP/1.1" 304 -
::1 - - [27/May/2022:02:01:16 +0000] "GET /user-games-history HTTP/1.1" 304 -
::1 - - [27/May/2022:02:01:18 +0000] "GET /user-games-history/add HTTP/1.1" 500 1951
::1 - - [27/May/2022:02:01:49 +0000] "GET /user-games-history/add HTTP/1.1" 200 14667
::1 - - [27/May/2022:02:02:36 +0000] "GET /user-games-history/add HTTP/1.1" 200 14689
::1 - - [27/May/2022:02:02:44 +0000] "POST /user-games-history/add HTTP/1.1" 400 3326
::1 - - [27/May/2022:02:02:58 +0000] "GET /user-games-history/add HTTP/1.1" 304 -
::1 - - [27/May/2022:02:03:23 +0000] "GET /user-games-history/add HTTP/1.1" 200 14788
::1 - - [27/May/2022:02:03:59 +0000] "GET /user-games-history/add HTTP/1.1" 200 14788
::1 - - [27/May/2022:02:04:47 +0000] "GET /user-games-history/add HTTP/1.1" 200 14816
::1 - - [27/May/2022:02:04:57 +0000] "POST /user-games-history/add HTTP/1.1" 400 3326
::1 - - [27/May/2022:02:04:59 +0000] "GET /dashboard HTTP/1.1" 304 -
::ffff:127.0.0.1 - - [27/May/2022:02:05:31 +0000] "GET /dashboard HTTP/1.1" 302 56
::ffff:127.0.0.1 - - [27/May/2022:02:05:31 +0000] "GET /login HTTP/1.1" 304 -
::1 - - [27/May/2022:02:05:36 +0000] "POST /logins HTTP/1.1" 302 62
::1 - - [27/May/2022:02:05:36 +0000] "GET /dashboard HTTP/1.1" 200 8278
::1 - - [27/May/2022:02:05:37 +0000] "GET /user-games HTTP/1.1" 304 -
::1 - - [27/May/2022:02:05:41 +0000] "GET /user-games-history/add HTTP/1.1" 200 14774
::1 - - [27/May/2022:02:06:35 +0000] "GET /user-games-history/add HTTP/1.1" 304 -
::1 - - [27/May/2022:02:07:00 +0000] "GET /user-games-history/add HTTP/1.1" 302 56
::1 - - [27/May/2022:02:07:00 +0000] "GET /login HTTP/1.1" 304 -
::1 - - [27/May/2022:02:07:05 +0000] "POST /logins HTTP/1.1" 302 62
::1 - - [27/May/2022:02:07:05 +0000] "GET /dashboard HTTP/1.1" 304 -
::1 - - [27/May/2022:02:07:12 +0000] "GET /user-games-history/add HTTP/1.1" 200 14774
::1 - - [27/May/2022:02:09:45 +0000] "GET /user-games-history/add HTTP/1.1" 302 56
::1 - - [27/May/2022:02:09:45 +0000] "GET /login HTTP/1.1" 304 -
::1 - - [27/May/2022:02:09:52 +0000] "POST /logins HTTP/1.1" 302 62
::1 - - [27/May/2022:02:09:52 +0000] "GET /dashboard HTTP/1.1" 304 -
::1 - - [27/May/2022:02:09:54 +0000] "GET /user-games HTTP/1.1" 304 -
::1 - - [27/May/2022:02:09:59 +0000] "GET /user-games-history/add HTTP/1.1" 500 3671
::1 - - [27/May/2022:02:10:22 +0000] "GET /user-games-history/add HTTP/1.1" 200 14774
::1 - - [27/May/2022:02:11:30 +0000] "GET /user-games-history/add HTTP/1.1" 302 56
::1 - - [27/May/2022:02:11:30 +0000] "GET /login HTTP/1.1" 304 -
::1 - - [27/May/2022:02:11:34 +0000] "POST /logins HTTP/1.1" 302 62
::1 - - [27/May/2022:02:11:34 +0000] "GET /dashboard HTTP/1.1" 304 -
::1 - - [27/May/2022:02:11:35 +0000] "GET /user-games HTTP/1.1" 304 -
::1 - - [27/May/2022:02:11:39 +0000] "GET /user-games-history/add HTTP/1.1" 500 1790
::1 - - [27/May/2022:02:11:52 +0000] "GET /user-games-history/add HTTP/1.1" 302 56
::1 - - [27/May/2022:02:11:52 +0000] "GET /login HTTP/1.1" 304 -
::1 - - [27/May/2022:02:11:58 +0000] "POST /logins HTTP/1.1" 302 62
::1 - - [27/May/2022:02:11:58 +0000] "GET /dashboard HTTP/1.1" 304 -
::1 - - [27/May/2022:02:11:59 +0000] "GET /user-games HTTP/1.1" 304 -
::1 - - [27/May/2022:02:12:03 +0000] "GET /user-games-history/add HTTP/1.1" 500 1782
::1 - - [27/May/2022:02:12:14 +0000] "GET /user-games-history/add HTTP/1.1" 302 56
::1 - - [27/May/2022:02:12:14 +0000] "GET /login HTTP/1.1" 304 -
::1 - - [27/May/2022:02:12:19 +0000] "POST /logins HTTP/1.1" 302 62
::1 - - [27/May/2022:02:12:19 +0000] "GET /dashboard HTTP/1.1" 304 -
::1 - - [27/May/2022:02:12:20 +0000] "GET /user-games HTTP/1.1" 304 -
::1 - - [27/May/2022:02:12:23 +0000] "GET /user-games-history/add HTTP/1.1" 200 14774
::ffff:127.0.0.1 - - [27/May/2022:02:13:08 +0000] "GET /user-games-history/add HTTP/1.1" 302 56
::ffff:127.0.0.1 - - [27/May/2022:02:13:08 +0000] "GET /login HTTP/1.1" 304 -
::1 - - [27/May/2022:02:13:12 +0000] "POST /logins HTTP/1.1" 302 62
::1 - - [27/May/2022:02:13:12 +0000] "GET /dashboard HTTP/1.1" 304 -
::1 - - [27/May/2022:02:13:13 +0000] "GET /user-games HTTP/1.1" 304 -
::1 - - [27/May/2022:02:13:18 +0000] "GET /user-games-history/add HTTP/1.1" 500 1817
::1 - - [27/May/2022:02:13:26 +0000] "GET /user-games-history/add HTTP/1.1" 500 1817
::1 - - [27/May/2022:02:13:28 +0000] "GET /user-games-history/add HTTP/1.1" 302 56
::1 - - [27/May/2022:02:13:28 +0000] "GET /login HTTP/1.1" 304 -
::1 - - [27/May/2022:02:13:33 +0000] "POST /logins HTTP/1.1" 302 62
::1 - - [27/May/2022:02:13:33 +0000] "GET /dashboard HTTP/1.1" 304 -
::1 - - [27/May/2022:02:13:38 +0000] "GET /user-games-history/add HTTP/1.1" 500 1817
::ffff:127.0.0.1 - - [27/May/2022:02:14:28 +0000] "GET /user-games-history/add HTTP/1.1" 302 56
::ffff:127.0.0.1 - - [27/May/2022:02:14:28 +0000] "GET /login HTTP/1.1" 304 -
::1 - - [27/May/2022:02:14:34 +0000] "POST /logins HTTP/1.1" 302 62
::1 - - [27/May/2022:02:14:34 +0000] "GET /dashboard HTTP/1.1" 304 -
::1 - - [27/May/2022:02:14:36 +0000] "GET /user-games HTTP/1.1" 304 -
::1 - - [27/May/2022:02:14:39 +0000] "GET /user-games/add HTTP/1.1" 200 13224
::1 - - [27/May/2022:02:14:50 +0000] "GET /user-games-history/add HTTP/1.1" 200 14774
::1 - - [27/May/2022:02:15:55 +0000] "GET /user-games HTTP/1.1" 302 56
::1 - - [27/May/2022:02:15:55 +0000] "GET /login HTTP/1.1" 304 -
::1 - - [27/May/2022:02:16:00 +0000] "POST /logins HTTP/1.1" 302 62
::1 - - [27/May/2022:02:16:00 +0000] "GET /dashboard HTTP/1.1" 304 -
::1 - - [27/May/2022:02:16:02 +0000] "GET /user-games HTTP/1.1" 200 31898
::1 - - [27/May/2022:02:16:16 +0000] "GET /user-games-history/add HTTP/1.1" 500 3377
::1 - - [27/May/2022:02:17:03 +0000] "GET /user-games-history/add HTTP/1.1" 302 56
::1 - - [27/May/2022:02:17:03 +0000] "GET /login HTTP/1.1" 304 -
::1 - - [27/May/2022:02:17:08 +0000] "POST /logins HTTP/1.1" 302 62
::1 - - [27/May/2022:02:17:08 +0000] "GET /dashboard HTTP/1.1" 304 -
::1 - - [27/May/2022:02:17:10 +0000] "GET /user-games HTTP/1.1" 304 -
::1 - - [27/May/2022:02:17:18 +0000] "GET /user-games-history/add HTTP/1.1" 500 3660
::1 - - [27/May/2022:02:19:12 +0000] "GET /user-games-history/add HTTP/1.1" 302 56
::1 - - [27/May/2022:02:19:12 +0000] "GET /login HTTP/1.1" 304 -
::1 - - [27/May/2022:02:19:17 +0000] "POST /logins HTTP/1.1" 302 62
::1 - - [27/May/2022:02:19:17 +0000] "GET /dashboard HTTP/1.1" 304 -
::1 - - [27/May/2022:02:19:18 +0000] "GET /user-games HTTP/1.1" 304 -
::1 - - [27/May/2022:02:19:25 +0000] "GET /user-games-biodata HTTP/1.1" 304 -
::1 - - [27/May/2022:02:19:28 +0000] "GET /user-games-history HTTP/1.1" 304 -
::1 - - [27/May/2022:02:19:30 +0000] "GET /user-games-history/add HTTP/1.1" 500 3482
::1 - - [27/May/2022:02:20:20 +0000] "GET /user-games-history/add HTTP/1.1" 200 14774
::1 - - [27/May/2022:02:20:24 +0000] "GET /user-games-history/add HTTP/1.1" 304 -
::1 - - [27/May/2022:02:20:49 +0000] "GET /user-games-history/add HTTP/1.1" 500 3441
::1 - - [27/May/2022:02:21:36 +0000] "GET /user-games-history/add HTTP/1.1" 200 16510
::1 - - [27/May/2022:02:23:27 +0000] "GET /user-games-history/add HTTP/1.1" 200 12415
::1 - - [27/May/2022:02:23:32 +0000] "GET /logout HTTP/1.1" 302 56
::1 - - [27/May/2022:02:23:33 +0000] "GET /login HTTP/1.1" 304 -
::1 - - [27/May/2022:02:23:43 +0000] "POST /logins HTTP/1.1" 302 62
::1 - - [27/May/2022:02:23:43 +0000] "GET /dashboard HTTP/1.1" 200 8303
::1 - - [27/May/2022:02:23:46 +0000] "GET /user-games HTTP/1.1" 200 10190
::1 - - [27/May/2022:02:23:52 +0000] "GET /user-games-history/add HTTP/1.1" 200 12447
::1 - - [27/May/2022:02:24:29 +0000] "GET /user-games-history/add HTTP/1.1" 200 12395
::1 - - [27/May/2022:02:25:21 +0000] "GET /user-games-history/add HTTP/1.1" 200 12268
::1 - - [27/May/2022:02:33:12 +0000] "GET /dashboard HTTP/1.1" 304 -
::1 - - [27/May/2022:02:33:14 +0000] "GET /user-games HTTP/1.1" 304 -
::1 - - [27/May/2022:02:33:29 +0000] "GET /user-games/biodata/7 HTTP/1.1" 304 -
::1 - - [27/May/2022:02:36:28 +0000] "GET /user-games/biodata/7 HTTP/1.1" 302 56
::1 - - [27/May/2022:02:36:28 +0000] "GET /login HTTP/1.1" 304 -
::1 - - [27/May/2022:02:36:32 +0000] "POST /logins HTTP/1.1" 302 62
::1 - - [27/May/2022:02:36:32 +0000] "GET /dashboard HTTP/1.1" 200 8278
::1 - - [27/May/2022:02:36:34 +0000] "GET /user-games HTTP/1.1" 200 31898
::1 - - [27/May/2022:02:36:38 +0000] "GET /user-games/biodata/7 HTTP/1.1" 200 17029
::1 - - [27/May/2022:02:36:41 +0000] "GET /user-games/biodata/4 HTTP/1.1" 400 14510
::1 - - [27/May/2022:02:36:47 +0000] "GET /logout HTTP/1.1" 302 56
::1 - - [27/May/2022:02:36:47 +0000] "GET /login HTTP/1.1" 304 -
::1 - - [27/May/2022:02:37:01 +0000] "POST /logins HTTP/1.1" 302 54
::1 - - [27/May/2022:02:37:01 +0000] "GET /login HTTP/1.1" 200 4615
::1 - - [27/May/2022:02:37:07 +0000] "POST /logins HTTP/1.1" 302 62
::1 - - [27/May/2022:02:37:07 +0000] "GET /dashboard HTTP/1.1" 200 8303
::1 - - [27/May/2022:02:37:10 +0000] "GET /user-games HTTP/1.1" 200 10190
::1 - - [27/May/2022:02:37:12 +0000] "GET /user-games/biodata/7 HTTP/1.1" 500 1801
::1 - - [27/May/2022:02:37:51 +0000] "GET /user-games/biodata/7 HTTP/1.1" 302 56
::1 - - [27/May/2022:02:37:51 +0000] "GET /login HTTP/1.1" 200 4493
::1 - - [27/May/2022:02:37:55 +0000] "POST /logins HTTP/1.1" 302 62
::1 - - [27/May/2022:02:37:55 +0000] "GET /dashboard HTTP/1.1" 200 8278
::1 - - [27/May/2022:02:37:57 +0000] "GET /user-games HTTP/1.1" 200 31898
::ffff:127.0.0.1 - - [27/May/2022:02:38:00 +0000] "GET /logout HTTP/1.1" 302 56
::ffff:127.0.0.1 - - [27/May/2022:02:38:00 +0000] "GET /login HTTP/1.1" 304 -
::1 - - [27/May/2022:02:38:05 +0000] "POST /logins HTTP/1.1" 302 62
::1 - - [27/May/2022:02:38:05 +0000] "GET /dashboard HTTP/1.1" 200 8303
::1 - - [27/May/2022:02:38:08 +0000] "GET /user-games HTTP/1.1" 200 10190
::ffff:127.0.0.1 - - [27/May/2022:02:38:10 +0000] "GET /user-games/biodata/7 HTTP/1.1" 500 1801
::1 - - [27/May/2022:02:40:11 +0000] "GET /user-games/biodata/7 HTTP/1.1" 302 56
::1 - - [27/May/2022:02:40:11 +0000] "GET /login HTTP/1.1" 304 -
::1 - - [27/May/2022:02:40:17 +0000] "POST /logins HTTP/1.1" 302 54
::1 - - [27/May/2022:02:40:17 +0000] "GET /login HTTP/1.1" 200 4615
::1 - - [27/May/2022:02:40:24 +0000] "POST /logins HTTP/1.1" 302 62
::1 - - [27/May/2022:02:40:24 +0000] "GET /dashboard HTTP/1.1" 304 -
::1 - - [27/May/2022:02:40:26 +0000] "GET /user-games HTTP/1.1" 304 -
::1 - - [27/May/2022:02:40:28 +0000] "GET /user-games/biodata/7 HTTP/1.1" 200 17044
::1 - - [27/May/2022:02:40:31 +0000] "GET /user-games/biodata/3 HTTP/1.1" 400 14525
::ffff:127.0.0.1 - - [27/May/2022:02:41:06 +0000] "GET /user-games/biodata/3 HTTP/1.1" 302 56
::ffff:127.0.0.1 - - [27/May/2022:02:41:06 +0000] "GET /login HTTP/1.1" 200 4493
::1 - - [27/May/2022:02:41:28 +0000] "POST /logins HTTP/1.1" 302 54
::1 - - [27/May/2022:02:41:28 +0000] "GET /login HTTP/1.1" 200 4615
::1 - - [27/May/2022:02:41:34 +0000] "POST /logins HTTP/1.1" 302 62
::1 - - [27/May/2022:02:41:34 +0000] "GET /dashboard HTTP/1.1" 304 -
::1 - - [27/May/2022:02:41:36 +0000] "GET /user-games HTTP/1.1" 304 -
::1 - - [27/May/2022:02:41:39 +0000] "GET /user-games/biodata/7 HTTP/1.1" 200 17044
::1 - - [27/May/2022:02:41:46 +0000] "GET /user-games/biodata/2 HTTP/1.1" 302 14525
::1 - - [27/May/2022:02:42:39 +0000] "GET /user-games/biodata/2 HTTP/1.1" 302 56
::1 - - [27/May/2022:02:42:39 +0000] "GET /login HTTP/1.1" 200 4493
::1 - - [27/May/2022:02:42:45 +0000] "POST /logins HTTP/1.1" 302 54
::1 - - [27/May/2022:02:42:45 +0000] "GET /login HTTP/1.1" 200 4615
::1 - - [27/May/2022:02:42:51 +0000] "POST /logins HTTP/1.1" 302 54
::1 - - [27/May/2022:02:42:51 +0000] "GET /login HTTP/1.1" 304 -
::1 - - [27/May/2022:02:42:56 +0000] "POST /logins HTTP/1.1" 302 62
::1 - - [27/May/2022:02:42:56 +0000] "GET /dashboard HTTP/1.1" 304 -
::1 - - [27/May/2022:02:42:57 +0000] "GET /user-games HTTP/1.1" 304 -
::1 - - [27/May/2022:02:43:00 +0000] "GET /user-games/biodata/7 HTTP/1.1" 200 17044
::1 - - [27/May/2022:02:46:04 +0000] "GET /user-games/biodata/7 HTTP/1.1" 302 56
::1 - - [27/May/2022:02:46:04 +0000] "GET /login HTTP/1.1" 200 4493
::1 - - [27/May/2022:02:46:09 +0000] "POST /logins HTTP/1.1" 302 54
::1 - - [27/May/2022:02:46:09 +0000] "GET /login HTTP/1.1" 200 4615
::1 - - [27/May/2022:02:46:16 +0000] "POST /logins HTTP/1.1" 302 62
::1 - - [27/May/2022:02:46:16 +0000] "GET /dashboard HTTP/1.1" 304 -
::1 - - [27/May/2022:02:46:18 +0000] "GET /user-games HTTP/1.1" 304 -
::1 - - [27/May/2022:02:46:21 +0000] "GET /user-games/biodata/7 HTTP/1.1" 200 17044
::1 - - [27/May/2022:02:46:33 +0000] "GET /user-games/biodata/3 HTTP/1.1" 302 17044
::1 - - [27/May/2022:02:46:40 +0000] "GET /user-games/biodata/3 HTTP/1.1" 302 17044
::1 - - [27/May/2022:02:47:30 +0000] "GET /user-games/biodata/2 HTTP/1.1" 302 17044
::1 - - [27/May/2022:02:47:34 +0000] "GET /user-games/biodata/7 HTTP/1.1" 302 17044
::1 - - [27/May/2022:02:47:40 +0000] "GET /logout HTTP/1.1" 302 56
::1 - - [27/May/2022:02:47:40 +0000] "GET /login HTTP/1.1" 200 4493
::1 - - [27/May/2022:02:47:43 +0000] "POST /logins HTTP/1.1" 302 62
::1 - - [27/May/2022:02:47:43 +0000] "GET /dashboard HTTP/1.1" 200 8278
::1 - - [27/May/2022:02:47:44 +0000] "GET /user-games HTTP/1.1" 200 31898
::1 - - [27/May/2022:02:47:47 +0000] "GET /user-games/biodata/20 HTTP/1.1" 302 14511
::1 - - [27/May/2022:02:47:50 +0000] "GET /user-games/biodata/2 HTTP/1.1" 400 14510
::1 - - [27/May/2022:02:47:53 +0000] "GET /user-games/biodata/3 HTTP/1.1" 400 14510
::1 - - [27/May/2022:02:47:55 +0000] "GET /user-games/biodata/5 HTTP/1.1" 400 14510
::1 - - [27/May/2022:02:47:58 +0000] "GET /user-games/biodata/7 HTTP/1.1" 200 17029
::1 - - [27/May/2022:02:51:41 +0000] "GET /user-games HTTP/1.1" 304 -
::1 - - [27/May/2022:02:51:46 +0000] "GET /user-games/history/8 HTTP/1.1" 200 13779
::1 - - [27/May/2022:02:51:51 +0000] "GET /user-games/history/3 HTTP/1.1" 200 13779
::1 - - [27/May/2022:02:51:55 +0000] "GET /logout HTTP/1.1" 302 56
::1 - - [27/May/2022:02:51:55 +0000] "GET /login HTTP/1.1" 304 -
::1 - - [27/May/2022:02:52:00 +0000] "POST /logins HTTP/1.1" 302 62
::1 - - [27/May/2022:02:52:00 +0000] "GET /dashboard HTTP/1.1" 200 8303
::1 - - [27/May/2022:02:52:02 +0000] "GET /user-games HTTP/1.1" 200 10190
::1 - - [27/May/2022:02:52:04 +0000] "GET /user-games/history/7 HTTP/1.1" 200 15583
::1 - - [27/May/2022:02:52:07 +0000] "GET /user-games/history/24 HTTP/1.1" 200 13797
::1 - - [27/May/2022:02:52:10 +0000] "GET /user-games/history/2 HTTP/1.1" 200 13794
::1 - - [27/May/2022:02:52:15 +0000] "GET /user-games/history/20 HTTP/1.1" 200 13797
::1 - - [27/May/2022:02:55:35 +0000] "GET /user-games/history/20 HTTP/1.1" 302 56
::1 - - [27/May/2022:02:55:35 +0000] "GET /login HTTP/1.1" 304 -
::1 - - [27/May/2022:03:05:43 +0000] "POST /logins HTTP/1.1" 302 62
::1 - - [27/May/2022:03:05:44 +0000] "GET /dashboard HTTP/1.1" 304 -
::1 - - [27/May/2022:03:05:47 +0000] "GET /user-games HTTP/1.1" 304 -
::1 - - [27/May/2022:03:05:53 +0000] "GET /user-games/history/7 HTTP/1.1" 304 -
::1 - - [27/May/2022:03:05:57 +0000] "GET /user-games/history/2 HTTP/1.1" 200 15583
::1 - - [27/May/2022:03:06:02 +0000] "GET /user-games/history/5 HTTP/1.1" 200 15583
::1 - - [27/May/2022:03:06:35 +0000] "GET /user-games/history/5 HTTP/1.1" 302 56
::1 - - [27/May/2022:03:06:35 +0000] "GET /login HTTP/1.1" 304 -
::1 - - [27/May/2022:03:06:41 +0000] "POST /logins HTTP/1.1" 302 62
::1 - - [27/May/2022:03:06:41 +0000] "GET /dashboard HTTP/1.1" 304 -
::1 - - [27/May/2022:03:06:43 +0000] "GET /user-games HTTP/1.1" 304 -
::1 - - [27/May/2022:03:06:46 +0000] "GET /user-games/history/7 HTTP/1.1" 304 -
::1 - - [27/May/2022:03:06:49 +0000] "GET /user-games/history/3 HTTP/1.1" 200 15583
::1 - - [27/May/2022:03:06:52 +0000] "GET /user-games/history/7 HTTP/1.1" 304 -
::1 - - [27/May/2022:03:07:00 +0000] "GET /user-games-history/update/1 HTTP/1.1" 200 15098
::1 - - [27/May/2022:03:07:04 +0000] "GET /user-games-history/update/2 HTTP/1.1" 400 12268
::1 - - [27/May/2022:03:07:07 +0000] "GET /user-games-history/update/1 HTTP/1.1" 304 -
::1 - - [27/May/2022:03:09:20 +0000] "GET /user-games-history/update/1 HTTP/1.1" 302 56
::1 - - [27/May/2022:03:09:20 +0000] "GET /login HTTP/1.1" 304 -
::1 - - [27/May/2022:03:24:03 +0000] "POST /logins HTTP/1.1" 302 62
::1 - - [27/May/2022:03:24:03 +0000] "GET /dashboard HTTP/1.1" 304 -
::1 - - [27/May/2022:03:24:05 +0000] "GET /user-games HTTP/1.1" 304 -
::1 - - [27/May/2022:03:24:08 +0000] "GET /user-games/history/7 HTTP/1.1" 304 -
::1 - - [27/May/2022:03:24:12 +0000] "GET /user-games/history/3 HTTP/1.1" 304 -
::1 - - [27/May/2022:03:24:15 +0000] "GET /user-games/history/6 HTTP/1.1" 200 15583
::1 - - [27/May/2022:03:24:23 +0000] "GET /user-games HTTP/1.1" 304 -
::1 - - [27/May/2022:03:24:28 +0000] "GET /user-games/history/7 HTTP/1.1" 304 -
::1 - - [27/May/2022:03:24:30 +0000] "GET /user-games-history/update/1 HTTP/1.1" 400 12268
::1 - - [27/May/2022:03:24:33 +0000] "GET /user-games-history/update/5 HTTP/1.1" 400 12268
::1 - - [27/May/2022:03:24:37 +0000] "GET /user-games-history/update/8 HTTP/1.1" 400 12268
::1 - - [27/May/2022:03:36:21 +0000] "GET /user-games-history/update/6 HTTP/1.1" 400 12268
::1 - - [27/May/2022:03:36:31 +0000] "GET /user-games HTTP/1.1" 304 -
::1 - - [27/May/2022:03:36:34 +0000] "GET /user-games/update/7 HTTP/1.1" 200 13667
::1 - - [27/May/2022:03:36:39 +0000] "GET /user-games/history/7 HTTP/1.1" 304 -
::1 - - [27/May/2022:03:36:41 +0000] "GET /user-games-history/update/1 HTTP/1.1" 400 12268
::1 - - [27/May/2022:03:39:13 +0000] "GET /user-games-history/update/1 HTTP/1.1" 302 56
::1 - - [27/May/2022:03:39:13 +0000] "GET /login HTTP/1.1" 304 -
::1 - - [27/May/2022:03:39:20 +0000] "POST /logins HTTP/1.1" 302 62
::1 - - [27/May/2022:03:39:20 +0000] "GET /dashboard HTTP/1.1" 200 8278
::1 - - [27/May/2022:03:39:27 +0000] "POST /logins HTTP/1.1" 302 64
::1 - - [27/May/2022:03:39:27 +0000] "GET /dashboard HTTP/1.1" 304 -
::1 - - [27/May/2022:03:40:16 +0000] "GET /logout HTTP/1.1" 302 56
::1 - - [27/May/2022:03:40:16 +0000] "GET /login HTTP/1.1" 304 -
::1 - - [27/May/2022:03:40:22 +0000] "POST /logins HTTP/1.1" 302 62
::1 - - [27/May/2022:03:40:22 +0000] "GET /dashboard HTTP/1.1" 200 8303
::1 - - [27/May/2022:03:40:23 +0000] "GET /user-games HTTP/1.1" 304 -
::1 - - [27/May/2022:03:40:27 +0000] "GET /user-games/update/7 HTTP/1.1" 304 -
::1 - - [27/May/2022:03:40:31 +0000] "GET /user-games/history/7 HTTP/1.1" 304 -
::1 - - [27/May/2022:03:40:34 +0000] "GET /user-games-history/update/1 HTTP/1.1" 200 15098
::1 - - [27/May/2022:03:40:47 +0000] "GET /user-games-history/update/5 HTTP/1.1" 200 15098
::1 - - [27/May/2022:03:40:51 +0000] "GET /user-games-history/update/8 HTTP/1.1" 200 15098
::1 - - [27/May/2022:03:41:01 +0000] "GET /user-games/history/7 HTTP/1.1" 304 -
::1 - - [27/May/2022:03:41:03 +0000] "GET /user-games/history/delete/1 HTTP/1.1" 302 86
::1 - - [27/May/2022:03:41:03 +0000] "GET /user-games/history/7 HTTP/1.1" 304 -
::1 - - [27/May/2022:03:41:07 +0000] "GET /user-games/history/delete/1 HTTP/1.1" 404 463
::1 - - [27/May/2022:03:41:11 +0000] "GET /user-games/history/7 HTTP/1.1" 200 13794
::1 - - [27/May/2022:03:41:13 +0000] "GET /user-games HTTP/1.1" 304 -
::1 - - [27/May/2022:03:41:18 +0000] "GET /user-games/update/7 HTTP/1.1" 304 -
::1 - - [27/May/2022:03:41:22 +0000] "GET /user-games/update/5 HTTP/1.1" 200 13658
::1 - - [27/May/2022:03:44:41 +0000] "GET /user-games/update/5 HTTP/1.1" 302 56
::1 - - [27/May/2022:03:44:41 +0000] "GET /login HTTP/1.1" 304 -
::1 - - [27/May/2022:03:44:47 +0000] "POST /logins HTTP/1.1" 302 62
::1 - - [27/May/2022:03:44:47 +0000] "GET /dashboard HTTP/1.1" 304 -
::1 - - [27/May/2022:03:44:51 +0000] "GET /user-games HTTP/1.1" 304 -
::1 - - [27/May/2022:03:44:58 +0000] "GET /user-games/update/7 HTTP/1.1" 304 -
::1 - - [27/May/2022:03:45:03 +0000] "GET /user-games/update/3 HTTP/1.1" 200 13667
::1 - - [27/May/2022:03:45:07 +0000] "GET /user-games/update/2 HTTP/1.1" 200 13667
::1 - - [27/May/2022:03:45:42 +0000] "POST /user-games/update/7 HTTP/1.1" 302 66
::1 - - [27/May/2022:03:45:42 +0000] "GET /user-games HTTP/1.1" 304 -
::1 - - [27/May/2022:03:45:53 +0000] "GET /user-games HTTP/1.1" 200 10212
::1 - - [27/May/2022:03:45:58 +0000] "GET /user-games/update/7 HTTP/1.1" 200 13689
::1 - - [27/May/2022:03:46:14 +0000] "GET /profile/account HTTP/1.1" 200 13366
::1 - - [27/May/2022:03:46:15 +0000] "GET /static/images/portfolio13.jpg HTTP/1.1" 404 3373
::1 - - [27/May/2022:03:46:22 +0000] "GET /profile/account HTTP/1.1" 304 -
::1 - - [27/May/2022:03:46:22 +0000] "GET /static/images/portfolio13.jpg HTTP/1.1" 404 3373
::1 - - [27/May/2022:03:46:22 +0000] "GET /static/images/portfolio13.jpg HTTP/1.1" 404 3373
::1 - - [27/May/2022:03:46:25 +0000] "GET /profile HTTP/1.1" 200 17070
::1 - - [27/May/2022:03:46:25 +0000] "GET /static/images/portfolio13.jpg HTTP/1.1" 404 3373
::1 - - [27/May/2022:03:46:25 +0000] "GET /static/images/portfolio13.jpg HTTP/1.1" 404 3373
::1 - - [27/May/2022:03:47:38 +0000] "GET /profile HTTP/1.1" 200 17079
::1 - - [27/May/2022:03:47:39 +0000] "GET /undefined HTTP/1.1" 404 3373
::1 - - [27/May/2022:03:47:47 +0000] "GET /profile HTTP/1.1" 304 -
::1 - - [27/May/2022:03:47:48 +0000] "GET /undefined HTTP/1.1" 404 3373
::1 - - [27/May/2022:03:48:53 +0000] "GET /profile HTTP/1.1" 200 16916
::1 - - [27/May/2022:03:48:54 +0000] "GET /undefined HTTP/1.1" 404 3373
::1 - - [27/May/2022:03:48:58 +0000] "GET /profile/account HTTP/1.1" 200 13212
::1 - - [27/May/2022:03:48:59 +0000] "GET /profile/undefined HTTP/1.1" 404 3373
::1 - - [27/May/2022:03:49:08 +0000] "GET /user-games HTTP/1.1" 304 -
::1 - - [27/May/2022:03:49:14 +0000] "GET /user-games/biodata/7 HTTP/1.1" 302 17055
::1 - - [27/May/2022:03:49:20 +0000] "GET /user-games/biodata/7 HTTP/1.1" 200 17055
::1 - - [27/May/2022:03:49:22 +0000] "GET /user-games/biodata/3 HTTP/1.1" 400 17055
::1 - - [27/May/2022:03:49:31 +0000] "GET /profile HTTP/1.1" 304 -
::1 - - [27/May/2022:03:49:31 +0000] "GET /undefined HTTP/1.1" 404 3373
::1 - - [27/May/2022:03:49:46 +0000] "GET /profile/account HTTP/1.1" 304 -
::1 - - [27/May/2022:03:49:47 +0000] "GET /profile/undefined HTTP/1.1" 404 3373
::1 - - [27/May/2022:03:50:17 +0000] "POST /profile/account HTTP/1.1" 302 76
::1 - - [27/May/2022:03:50:17 +0000] "GET /profile/account HTTP/1.1" 200 13212
::1 - - [27/May/2022:03:50:18 +0000] "GET /profile/undefined HTTP/1.1" 404 3373
::1 - - [27/May/2022:03:50:27 +0000] "GET /profile/account HTTP/1.1" 304 -
::1 - - [27/May/2022:03:50:27 +0000] "GET /profile/undefined HTTP/1.1" 404 3373
::1 - - [27/May/2022:03:50:29 +0000] "GET /logout HTTP/1.1" 302 56
::1 - - [27/May/2022:03:50:29 +0000] "GET /login HTTP/1.1" 304 -
::1 - - [27/May/2022:03:50:37 +0000] "POST /logins HTTP/1.1" 302 62
::1 - - [27/May/2022:03:50:37 +0000] "GET /dashboard HTTP/1.1" 200 8314
::1 - - [27/May/2022:03:50:43 +0000] "GET /profile/account HTTP/1.1" 304 -
::1 - - [27/May/2022:03:50:44 +0000] "GET /profile/undefined HTTP/1.1" 404 3373
::1 - - [27/May/2022:03:51:03 +0000] "POST /profile/account HTTP/1.1" 302 76
::1 - - [27/May/2022:03:51:03 +0000] "GET /profile/account HTTP/1.1" 200 13233
::1 - - [27/May/2022:03:51:04 +0000] "GET /profile/undefined HTTP/1.1" 404 3373
::1 - - [27/May/2022:03:51:34 +0000] "GET /user-games HTTP/1.1" 200 10226
::1 - - [27/May/2022:03:51:39 +0000] "GET /logout HTTP/1.1" 302 56
::1 - - [27/May/2022:03:51:39 +0000] "GET /login HTTP/1.1" 304 -
::1 - - [27/May/2022:04:20:41 +0000] "POST /api/v1/register HTTP/1.1" 400 49
::1 - - [27/May/2022:04:21:42 +0000] "GET /doc HTTP/1.1" 404 3373
::1 - - [27/May/2022:04:22:13 +0000] "GET / HTTP/1.1" 304 -
::1 - - [27/May/2022:04:22:18 +0000] "GET /register HTTP/1.1" 304 -
::1 - - [27/May/2022:04:22:24 +0000] "POST /registers HTTP/1.1" 400 3355
::1 - - [27/May/2022:04:22:25 +0000] "GET /dashboard HTTP/1.1" 302 56
::1 - - [27/May/2022:04:22:25 +0000] "GET /login HTTP/1.1" 304 -
::1 - - [27/May/2022:04:22:27 +0000] "GET /register HTTP/1.1" 304 -
::1 - - [27/May/2022:04:22:37 +0000] "POST /registers HTTP/1.1" 302 54
::1 - - [27/May/2022:04:22:37 +0000] "GET /login HTTP/1.1" 304 -
::1 - - [27/May/2022:04:23:08 +0000] "POST /api/v1/login HTTP/1.1" 200 336
::1 - - [27/May/2022:04:23:28 +0000] "GET /api/v1/user-games HTTP/1.1" 200 8053
::1 - - [27/May/2022:04:24:07 +0000] "POST /api/v1/register HTTP/1.1" 201 346
::1 - - [27/May/2022:04:24:17 +0000] "POST /api/v1/login HTTP/1.1" 200 330
::1 - - [27/May/2022:04:24:19 +0000] "POST /api/v1/login HTTP/1.1" 200 330
::1 - - [27/May/2022:04:24:33 +0000] "GET /api/v1/user-games-biodata HTTP/1.1" 200 1791
::1 - - [27/May/2022:04:24:55 +0000] "GET /api/v1/user-games HTTP/1.1" 401 66
::1 - - [27/May/2022:04:24:59 +0000] "GET /api/v1/user-games-biodata HTTP/1.1" 401 67
::1 - - [27/May/2022:04:25:07 +0000] "POST /api/v1/user-games-biodata HTTP/1.1" 401 67
::1 - - [27/May/2022:04:25:21 +0000] "POST /api/v1/user-games-biodata HTTP/1.1" 201 275
::1 - - [27/May/2022:04:25:52 +0000] "GET /user-games HTTP/1.1" 302 56
::1 - - [27/May/2022:04:25:52 +0000] "GET /login HTTP/1.1" 304 -
::1 - - [27/May/2022:04:25:59 +0000] "POST /logins HTTP/1.1" 302 62
::1 - - [27/May/2022:04:25:59 +0000] "GET /dashboard HTTP/1.1" 200 8278
::ffff:127.0.0.1 - - [27/May/2022:05:53:18 +0000] "GET / HTTP/1.1" 304 -
::1 - - [27/May/2022:05:53:31 +0000] "GET /register HTTP/1.1" 304 -
::1 - - [27/May/2022:05:53:41 +0000] "POST /registers HTTP/1.1" 302 54
::1 - - [27/May/2022:05:53:41 +0000] "GET /login HTTP/1.1" 304 -
::1 - - [27/May/2022:05:53:46 +0000] "POST /logins HTTP/1.1" 302 62
::1 - - [27/May/2022:05:53:46 +0000] "GET /dashboard HTTP/1.1" 304 -
::1 - - [27/May/2022:05:53:49 +0000] "GET /user-games HTTP/1.1" 200 36847
